
--------------------------------------------------
TXLib соболезнует...

Программа: H:\lessons_on_C_lang\main.exe, файл: H:\lessons_on_C_lang\main.cpp, строка: 20, функция: void FillArray(int*, int, int, int),

Сообщение: ВНЕЗАПНО: Логическая ошибка: Неверно, что "0 < i && i < size".

#1: TXLib [Ver: 00173a, Rev: 171, Date: 2021-10-03 23:49:44 +0400], Instance: 0x005062FC (32-bit), Flags: Cmdre0, Thread: 0x49C (Main). 

--------------------------------------------------
Стек вызовов:

# 0 0x0042CD1C in H:\lessons_on_C_lang\main.exe: FillArray() at H:/lessons_on_C_lang/main.cpp (20):

     18:     for (int i = 0; i < size; i ++)
     19:        {
=>   20:         assert (0 < i   && i   <  size);
     21:         //assert (0 < i-1 && i-1 <  size);
     22: 

# 1 0x0042CC88 in H:\lessons_on_C_lang\main.exe: main() at H:/lessons_on_C_lang/main.cpp (8):

      6:     int data [20] = {};
      7: 
=>    8:     FillArray  (data, 20, 0, 10);
      9:     PrintArray (data, 20);
     10: 

--------------------------------------------------
Developed with:

The Dumb Artist Library (TX Library)
TXLib [Ver: 00173a, Rev: 171, Date: 2021-10-03 23:49:44 +0400]
Copyright (C) Ded (Ilya Dedinsky, http://txlib.ru) <mail@txlib.ru>
See license on: http://txlib.ru

TXLib file:	C:\Users\Anna\Downloads\TX\TXLib.h
Compiled:	Oct 16 2021 21:51:49, GNU g++ 4.8.1, std=201103L, MinGW Runtime 3.20, 32-bit, DEBUG
Started:	Oct 16 2021 21:51:53

Run file:	H:\lessons_on_C_lang\main.exe
Directory:	H:\lessons_on_C_lang

--------------------------------------------------
